\BOOKMARK [1][-]{section*.1}{Remerciements}{}% 1
\BOOKMARK [1][-]{section*.3}{Contents/Sommaire}{}% 2
\BOOKMARK [0][-]{section*.5}{Abstract}{}% 3
\BOOKMARK [0][-]{section*.7}{General introduction / Introduction g\351n\351rale}{}% 4
\BOOKMARK [0][-]{chapter.1}{Titre 1}{}% 5
\BOOKMARK [1][-]{section.1.1}{Introduction}{chapter.1}% 6
\BOOKMARK [1][-]{section.1.2}{Citations et r\351f\351rences}{chapter.1}% 7
\BOOKMARK [2][-]{subsection.1.2.1}{Citations}{section.1.2}% 8
\BOOKMARK [2][-]{subsection.1.2.2}{R\351f\351rences}{section.1.2}% 9
\BOOKMARK [1][-]{section.1.3}{Les figures}{chapter.1}% 10
\BOOKMARK [1][-]{section.1.4}{Du code joli}{chapter.1}% 11
\BOOKMARK [1][-]{section.1.5}{Des tableaux}{chapter.1}% 12
\BOOKMARK [1][-]{section.1.6}{Conclusion}{chapter.1}% 13
\BOOKMARK [0][-]{chapter.2}{Titre 2}{}% 14
\BOOKMARK [1][-]{section.2.1}{Introduction}{chapter.2}% 15
\BOOKMARK [1][-]{section.2.2}{Une section}{chapter.2}% 16
\BOOKMARK [1][-]{section.2.3}{Conclusion}{chapter.2}% 17
\BOOKMARK [0][-]{chapter.3}{Titre 3}{}% 18
\BOOKMARK [1][-]{section.3.1}{Introduction}{chapter.3}% 19
\BOOKMARK [1][-]{section.3.2}{Une section}{chapter.3}% 20
\BOOKMARK [1][-]{section.3.3}{Conclusion}{chapter.3}% 21
\BOOKMARK [0][-]{chapter.4}{Titre du chapitre 4}{}% 22
\BOOKMARK [1][-]{section.4.1}{Introduction}{chapter.4}% 23
\BOOKMARK [1][-]{section.4.2}{Sections}{chapter.4}% 24
\BOOKMARK [1][-]{section.4.3}{Conclusion}{chapter.4}% 25
\BOOKMARK [0][-]{section*.17}{General conclusion/Conclusion g\351n\351rale}{}% 26
\BOOKMARK [0][-]{section*.21}{Bibliography/Bibliographie}{}% 27
\BOOKMARK [0][-]{section*.22}{Table des figures}{}% 28
\BOOKMARK [0][-]{section*.24}{Liste des tableaux}{}% 29
\BOOKMARK [0][-]{appendix.A}{Annexe 1 : Titre}{}% 30
\BOOKMARK [1][-]{section.A.1}{Section 1}{appendix.A}% 31
\BOOKMARK [2][-]{subsection.A.1.1}{Sous section 1}{section.A.1}% 32
\BOOKMARK [2][-]{subsection.A.1.2}{Sous section 2}{section.A.1}% 33
\BOOKMARK [0][-]{appendix.B}{Annexe 2 : Titre}{}% 34
\BOOKMARK [1][-]{section.B.1}{Section 1}{appendix.B}% 35
\BOOKMARK [2][-]{subsection.B.1.1}{Sous section 1}{section.B.1}% 36
\BOOKMARK [2][-]{subsection.B.1.2}{Sous section 2}{section.B.1}% 37
\BOOKMARK [0][-]{appendix.C}{Annexe 3 : Titre}{}% 38
\BOOKMARK [1][-]{section.C.1}{Section 1}{appendix.C}% 39
\BOOKMARK [2][-]{subsection.C.1.1}{Sous section 1}{section.C.1}% 40
\BOOKMARK [2][-]{subsection.C.1.2}{Sous section 2}{section.C.1}% 41
